<?xml version="1.0" encoding="UTF-8"?>
<testsuite name="example.web.api.GreetingControllerTest" time="0.121" tests="1" errors="0" skipped="0" failures="1">
  <properties>
[...]
</properties>
  <testcase name="getAll" classname="example.web.api.GreetingControllerTest" time="0.121">
    <failure message="Status expected:&lt;200&gt; but was:&lt;404&gt;" type="java.lang.AssertionError"><![CDATA[java.lang.AssertionError: Status expected:<200> but was:<404>
	at org.springframework.test.util.AssertionErrors.fail(AssertionErrors.java:54)
	at org.springframework.test.util.AssertionErrors.assertEquals(AssertionErrors.java:81)
	at org.springframework.test.web.servlet.result.StatusResultMatchers$10.match(StatusResultMatchers.java:665)
	at org.springframework.test.web.servlet.MockMvc$1.andExpect(MockMvc.java:171)
	at example.base.DefaultDefaultBaseControllerTest.expectDefault(DefaultDefaultBaseControllerTest.java:149)
	at example.base.DefaultDefaultBaseControllerTest.get(DefaultDefaultBaseControllerTest.java:65)
	at example.base.DefaultDefaultBaseControllerTest.get(DefaultDefaultBaseControllerTest.java:59)
	at example.web.api.GreetingControllerTest.getAll(GreetingControllerTest.java:53)
]]></failure>
    <system-out><![CDATA[02:00:49.385 [main] DEBUG org.springframework.test.context.junit4.SpringJUnit4ClassRunner - SpringJUnit4ClassRunner constructor called with [class example.web.api.GreetingControllerTest]
02:00:49.396 [main] DEBUG org.springframework.test.context.BootstrapUtils - Instantiating CacheAwareContextLoaderDelegate from class [org.springframework.test.context.cache.DefaultCacheAwareContextLoaderDelegate]
02:00:49.410 [main] DEBUG org.springframework.test.context.BootstrapUtils - Instantiating BootstrapContext using constructor [public org.springframework.test.context.support.DefaultBootstrapContext(java.lang.Class,org.springframework.test.context.CacheAwareContextLoaderDelegate)]
02:00:49.440 [main] DEBUG org.springframework.test.context.BootstrapUtils - Instantiating TestContextBootstrapper for test class [example.web.api.GreetingControllerTest] from class [org.springframework.boot.test.autoconfigure.web.servlet.WebMvcTestContextBootstrapper]
02:00:49.471 [main] DEBUG org.springframework.test.context.support.AbstractContextLoader - Did not detect default resource location for test class [example.base.DefaultDefaultBaseControllerTest]: class path resource [example/base/DefaultDefaultBaseControllerTest-context.xml] does not exist
02:00:49.471 [main] DEBUG org.springframework.test.context.support.AbstractContextLoader - Did not detect default resource location for test class [example.base.DefaultDefaultBaseControllerTest]: class path resource [example/base/DefaultDefaultBaseControllerTestContext.groovy] does not exist
02:00:49.472 [main] INFO org.springframework.test.context.support.AbstractContextLoader - Could not detect default resource locations for test class [example.base.DefaultDefaultBaseControllerTest]: no resource found for suffixes {-context.xml, Context.groovy}.
02:00:49.558 [main] DEBUG org.springframework.test.context.support.ActiveProfilesUtils - Could not find an 'annotation declaring class' for annotation type [org.springframework.test.context.ActiveProfiles] and class [example.web.api.GreetingControllerTest]
02:00:49.574 [main] DEBUG org.springframework.boot.test.autoconfigure.web.servlet.WebMvcTestContextBootstrapper - @TestExecutionListeners is not present for class [example.web.api.GreetingControllerTest]: using defaults.
02:00:49.579 [main] INFO org.springframework.boot.test.autoconfigure.web.servlet.WebMvcTestContextBootstrapper - Loaded default TestExecutionListener class names from location [META-INF/spring.factories]: [org.springframework.boot.test.autoconfigure.restdocs.RestDocsTestExecutionListener, org.springframework.boot.test.autoconfigure.web.client.MockRestServiceServerResetTestExecutionListener, org.springframework.boot.test.autoconfigure.web.servlet.MockMvcPrintOnlyOnFailureTestExecutionListener, org.springframework.boot.test.autoconfigure.web.servlet.WebDriverTestExecutionListener, org.springframework.test.context.web.ServletTestExecutionListener, org.springframework.test.context.support.DirtiesContextBeforeModesTestExecutionListener, org.springframework.test.context.support.DependencyInjectionTestExecutionListener, org.springframework.test.context.support.DirtiesContextTestExecutionListener, org.springframework.test.context.transaction.TransactionalTestExecutionListener, org.springframework.test.context.jdbc.SqlScriptsTestExecutionListener, org.springframework.boot.test.mock.mockito.MockitoTestExecutionListener, org.springframework.boot.test.mock.mockito.ResetMocksTestExecutionListener]
02:00:49.603 [main] INFO org.springframework.boot.test.autoconfigure.web.servlet.WebMvcTestContextBootstrapper - Using TestExecutionListeners: [org.springframework.test.context.web.ServletTestExecutionListener@50a7bc6e, org.springframework.test.context.support.DirtiesContextBeforeModesTestExecutionListener@161b062a, org.springframework.boot.test.autoconfigure.SpringBootDependencyInjectionTestExecutionListener@17c1bced, org.springframework.test.context.support.DirtiesContextTestExecutionListener@2d9d4f9d, org.springframework.test.context.transaction.TransactionalTestExecutionListener@4034c28c, org.springframework.test.context.jdbc.SqlScriptsTestExecutionListener@e50a6f6, org.springframework.boot.test.autoconfigure.web.client.MockRestServiceServerResetTestExecutionListener@14ec4505, org.springframework.boot.test.autoconfigure.restdocs.RestDocsTestExecutionListener@53ca01a2, org.springframework.boot.test.autoconfigure.web.servlet.MockMvcPrintOnlyOnFailureTestExecutionListener@358c99f5, org.springframework.boot.test.autoconfigure.web.servlet.WebDriverTestExecutionListener@3ee0fea4, org.springframework.boot.test.mock.mockito.ResetMocksTestExecutionListener@48524010, org.springframework.boot.test.mock.mockito.MockitoTestExecutionListener@4b168fa9]
02:00:49.606 [main] DEBUG org.springframework.test.annotation.ProfileValueUtils - Retrieved @ProfileValueSourceConfiguration [null] for test class [example.web.api.GreetingControllerTest]
02:00:49.606 [main] DEBUG org.springframework.test.annotation.ProfileValueUtils - Retrieved ProfileValueSource type [class org.springframework.test.annotation.SystemProfileValueSource] for class [example.web.api.GreetingControllerTest]
02:00:49.609 [main] DEBUG org.springframework.test.context.junit4.SpringJUnit4ClassRunner - SpringJUnit4ClassRunner constructor called with [class example.web.api.GreetingControllerTest]
02:00:49.610 [main] DEBUG org.springframework.test.context.BootstrapUtils - Instantiating CacheAwareContextLoaderDelegate from class [org.springframework.test.context.cache.DefaultCacheAwareContextLoaderDelegate]
02:00:49.610 [main] DEBUG org.springframework.test.context.BootstrapUtils - Instantiating BootstrapContext using constructor [public org.springframework.test.context.support.DefaultBootstrapContext(java.lang.Class,org.springframework.test.context.CacheAwareContextLoaderDelegate)]
02:00:49.610 [main] DEBUG org.springframework.test.context.BootstrapUtils - Instantiating TestContextBootstrapper for test class [example.web.api.GreetingControllerTest] from class [org.springframework.boot.test.autoconfigure.web.servlet.WebMvcTestContextBootstrapper]
02:00:49.613 [main] DEBUG org.springframework.test.context.support.AbstractContextLoader - Did not detect default resource location for test class [example.base.DefaultDefaultBaseControllerTest]: class path resource [example/base/DefaultDefaultBaseControllerTest-context.xml] does not exist
02:00:49.613 [main] DEBUG org.springframework.test.context.support.AbstractContextLoader - Did not detect default resource location for test class [example.base.DefaultDefaultBaseControllerTest]: class path resource [example/base/DefaultDefaultBaseControllerTestContext.groovy] does not exist
02:00:49.613 [main] INFO org.springframework.test.context.support.AbstractContextLoader - Could not detect default resource locations for test class [example.base.DefaultDefaultBaseControllerTest]: no resource found for suffixes {-context.xml, Context.groovy}.
02:00:49.626 [main] DEBUG org.springframework.test.context.support.ActiveProfilesUtils - Could not find an 'annotation declaring class' for annotation type [org.springframework.test.context.ActiveProfiles] and class [example.web.api.GreetingControllerTest]
02:00:49.628 [main] DEBUG org.springframework.boot.test.autoconfigure.web.servlet.WebMvcTestContextBootstrapper - @TestExecutionListeners is not present for class [example.web.api.GreetingControllerTest]: using defaults.
02:00:49.632 [main] INFO org.springframework.boot.test.autoconfigure.web.servlet.WebMvcTestContextBootstrapper - Loaded default TestExecutionListener class names from location [META-INF/spring.factories]: [org.springframework.boot.test.autoconfigure.restdocs.RestDocsTestExecutionListener, org.springframework.boot.test.autoconfigure.web.client.MockRestServiceServerResetTestExecutionListener, org.springframework.boot.test.autoconfigure.web.servlet.MockMvcPrintOnlyOnFailureTestExecutionListener, org.springframework.boot.test.autoconfigure.web.servlet.WebDriverTestExecutionListener, org.springframework.test.context.web.ServletTestExecutionListener, org.springframework.test.context.support.DirtiesContextBeforeModesTestExecutionListener, org.springframework.test.context.support.DependencyInjectionTestExecutionListener, org.springframework.test.context.support.DirtiesContextTestExecutionListener, org.springframework.test.context.transaction.TransactionalTestExecutionListener, org.springframework.test.context.jdbc.SqlScriptsTestExecutionListener, org.springframework.boot.test.mock.mockito.MockitoTestExecutionListener, org.springframework.boot.test.mock.mockito.ResetMocksTestExecutionListener]
02:00:49.635 [main] INFO org.springframework.boot.test.autoconfigure.web.servlet.WebMvcTestContextBootstrapper - Using TestExecutionListeners: [org.springframework.test.context.web.ServletTestExecutionListener@223f3642, org.springframework.test.context.support.DirtiesContextBeforeModesTestExecutionListener@38c5cc4c, org.springframework.boot.test.autoconfigure.SpringBootDependencyInjectionTestExecutionListener@37918c79, org.springframework.test.context.support.DirtiesContextTestExecutionListener@78e94dcf, org.springframework.test.context.transaction.TransactionalTestExecutionListener@233fe9b6, org.springframework.test.context.jdbc.SqlScriptsTestExecutionListener@358ee631, org.springframework.boot.test.autoconfigure.web.client.MockRestServiceServerResetTestExecutionListener@ec756bd, org.springframework.boot.test.autoconfigure.restdocs.RestDocsTestExecutionListener@3c72f59f, org.springframework.boot.test.autoconfigure.web.servlet.MockMvcPrintOnlyOnFailureTestExecutionListener@60dcc9fe, org.springframework.boot.test.autoconfigure.web.servlet.WebDriverTestExecutionListener@222114ba, org.springframework.boot.test.mock.mockito.ResetMocksTestExecutionListener@16e7dcfd, org.springframework.boot.test.mock.mockito.MockitoTestExecutionListener@3d121db3]
02:00:49.636 [main] DEBUG org.springframework.test.annotation.ProfileValueUtils - Retrieved @ProfileValueSourceConfiguration [null] for test class [example.web.api.GreetingControllerTest]
02:00:49.636 [main] DEBUG org.springframework.test.annotation.ProfileValueUtils - Retrieved ProfileValueSource type [class org.springframework.test.annotation.SystemProfileValueSource] for class [example.web.api.GreetingControllerTest]
02:00:49.637 [main] DEBUG org.springframework.test.annotation.ProfileValueUtils - Retrieved @ProfileValueSourceConfiguration [null] for test class [example.web.api.GreetingControllerTest]
02:00:49.637 [main] DEBUG org.springframework.test.annotation.ProfileValueUtils - Retrieved ProfileValueSource type [class org.springframework.test.annotation.SystemProfileValueSource] for class [example.web.api.GreetingControllerTest]
02:00:49.639 [main] DEBUG org.springframework.test.context.support.AbstractDirtiesContextTestExecutionListener - Before test class: context [DefaultTestContext@7b227d8d testClass = GreetingControllerTest, testInstance = [null], testMethod = [null], testException = [null], mergedContextConfiguration = [WebMergedContextConfiguration@7219ec67 testClass = GreetingControllerTest, locations = '{}', classes = '{class example.TestApplication}', contextInitializerClasses = '[]', activeProfiles = '{}', propertySourceLocations = '{}', propertySourceProperties = '{org.springframework.boot.test.autoconfigure.web.servlet.WebMvcTestContextBootstrapper=true}', contextCustomizers = set[org.springframework.boot.test.autoconfigure.OverrideAutoConfigurationContextCustomizerFactory$DisableAutoConfigurationContextCustomizer@eb21112, org.springframework.boot.test.autoconfigure.filter.TypeExcludeFiltersContextCustomizer@9c4cc3, org.springframework.boot.test.autoconfigure.properties.PropertyMappingContextCustomizer@a14174d2, org.springframework.boot.test.autoconfigure.web.servlet.WebDriverContextCustomizerFactory$Customizer@7dc222ae, org.springframework.boot.test.context.ImportsContextCustomizer@898fc55c, org.springframework.boot.test.context.filter.ExcludeFilterContextCustomizer@57f23557, org.springframework.boot.test.mock.mockito.MockitoContextCustomizer@fea1d213], resourceBasePath = '', contextLoader = 'org.springframework.boot.test.context.SpringBootContextLoader', parent = [null]]], class annotated with @DirtiesContext [false] with mode [null].
02:00:49.640 [main] DEBUG org.springframework.test.annotation.ProfileValueUtils - Retrieved @ProfileValueSourceConfiguration [null] for test class [example.web.api.GreetingControllerTest]
02:00:49.640 [main] DEBUG org.springframework.test.annotation.ProfileValueUtils - Retrieved ProfileValueSource type [class org.springframework.test.annotation.SystemProfileValueSource] for class [example.web.api.GreetingControllerTest]
02:00:49.644 [main] DEBUG org.springframework.test.context.support.DependencyInjectionTestExecutionListener - Performing dependency injection for test context [[DefaultTestContext@7b227d8d testClass = GreetingControllerTest, testInstance = example.web.api.GreetingControllerTest@2ddc8ecb, testMethod = [null], testException = [null], mergedContextConfiguration = [WebMergedContextConfiguration@7219ec67 testClass = GreetingControllerTest, locations = '{}', classes = '{class example.TestApplication}', contextInitializerClasses = '[]', activeProfiles = '{}', propertySourceLocations = '{}', propertySourceProperties = '{org.springframework.boot.test.autoconfigure.web.servlet.WebMvcTestContextBootstrapper=true}', contextCustomizers = set[org.springframework.boot.test.autoconfigure.OverrideAutoConfigurationContextCustomizerFactory$DisableAutoConfigurationContextCustomizer@eb21112, org.springframework.boot.test.autoconfigure.filter.TypeExcludeFiltersContextCustomizer@9c4cc3, org.springframework.boot.test.autoconfigure.properties.PropertyMappingContextCustomizer@a14174d2, org.springframework.boot.test.autoconfigure.web.servlet.WebDriverContextCustomizerFactory$Customizer@7dc222ae, org.springframework.boot.test.context.ImportsContextCustomizer@898fc55c, org.springframework.boot.test.context.filter.ExcludeFilterContextCustomizer@57f23557, org.springframework.boot.test.mock.mockito.MockitoContextCustomizer@fea1d213], resourceBasePath = '', contextLoader = 'org.springframework.boot.test.context.SpringBootContextLoader', parent = [null]]]].
02:00:49.703 [main] DEBUG org.springframework.core.env.StandardEnvironment - Adding [systemProperties] PropertySource with lowest search precedence
02:00:49.703 [main] DEBUG org.springframework.core.env.StandardEnvironment - Adding [systemEnvironment] PropertySource with lowest search precedence
02:00:49.704 [main] DEBUG org.springframework.core.env.StandardEnvironment - Initialized StandardEnvironment with PropertySources [systemProperties,systemEnvironment]
02:00:49.705 [main] DEBUG org.springframework.test.context.support.TestPropertySourceUtils - Adding inlined properties to environment: {spring.jmx.enabled=false, org.springframework.boot.test.autoconfigure.web.servlet.WebMvcTestContextBootstrapper=true, server.port=-1}
02:00:49.705 [main] DEBUG org.springframework.core.env.StandardEnvironment - Adding [Inlined Test Properties] PropertySource with highest search precedence

  .   ____          _            __ _ _
 /\\ / ___'_ __ _ _(_)_ __  __ _ \ \ \ \
( ( )\___ | '_ | '_| | '_ \/ _` | \ \ \ \
 \\/  ___)| |_)| | | | | || (_| |  ) ) ) )
  '  |____| .__|_| |_|_| |_\__, | / / / /
 =========|_|==============|___/=/_/_/_/
 :: Spring Boot ::        (v1.5.6.RELEASE)

2017-12-05 02:00:50.119  INFO 8791 --- [           main] example.web.api.GreetingControllerTest   : Starting GreetingControllerTest on paulo with PID 8791 (started by paulo in /home/paulo/Documentos/PVProjects/Study - Spring/javaSpring/Project)
2017-12-05 02:00:50.120  INFO 8791 --- [           main] example.web.api.GreetingControllerTest   : No active profile set, falling back to default profiles: default
2017-12-05 02:00:50.146  INFO 8791 --- [           main] o.s.w.c.s.GenericWebApplicationContext   : Refreshing org.springframework.web.context.support.GenericWebApplicationContext@121314f7: startup date [Tue Dec 05 02:00:50 BRST 2017]; root of context hierarchy
2017-12-05 02:00:51.685  INFO 8791 --- [           main] s.w.s.m.m.a.RequestMappingHandlerAdapter : Looking for @ControllerAdvice: org.springframework.web.context.support.GenericWebApplicationContext@121314f7: startup date [Tue Dec 05 02:00:50 BRST 2017]; root of context hierarchy
2017-12-05 02:00:51.759  INFO 8791 --- [           main] s.w.s.m.m.a.RequestMappingHandlerMapping : Mapped "{[/error],produces=[text/html]}" onto public org.springframework.web.servlet.ModelAndView org.springframework.boot.autoconfigure.web.BasicErrorController.errorHtml(javax.servlet.http.HttpServletRequest,javax.servlet.http.HttpServletResponse)
2017-12-05 02:00:51.761  INFO 8791 --- [           main] s.w.s.m.m.a.RequestMappingHandlerMapping : Mapped "{[/error]}" onto public org.springframework.http.ResponseEntity<java.util.Map<java.lang.String, java.lang.Object>> org.springframework.boot.autoconfigure.web.BasicErrorController.error(javax.servlet.http.HttpServletRequest)
2017-12-05 02:00:51.789  INFO 8791 --- [           main] o.s.w.s.handler.SimpleUrlHandlerMapping  : Mapped URL path [/webjars/**] onto handler of type [class org.springframework.web.servlet.resource.ResourceHttpRequestHandler]
2017-12-05 02:00:51.789  INFO 8791 --- [           main] o.s.w.s.handler.SimpleUrlHandlerMapping  : Mapped URL path [/**] onto handler of type [class org.springframework.web.servlet.resource.ResourceHttpRequestHandler]
2017-12-05 02:00:51.823  INFO 8791 --- [           main] o.s.w.s.handler.SimpleUrlHandlerMapping  : Mapped URL path [/**/favicon.ico] onto handler of type [class org.springframework.web.servlet.resource.ResourceHttpRequestHandler]
2017-12-05 02:00:51.925  INFO 8791 --- [           main] o.s.b.t.m.w.SpringBootMockServletContext : Initializing Spring FrameworkServlet ''
2017-12-05 02:00:51.928  INFO 8791 --- [           main] o.s.t.web.servlet.TestDispatcherServlet  : FrameworkServlet '': initialization started
2017-12-05 02:00:51.945  INFO 8791 --- [           main] o.s.t.web.servlet.TestDispatcherServlet  : FrameworkServlet '': initialization completed in 16 ms
2017-12-05 02:00:52.030  INFO 8791 --- [           main] example.web.api.GreetingControllerTest   : Started GreetingControllerTest in 2.259 seconds (JVM running for 3.128)
2017-12-05 02:00:52.088  INFO 8791 --- [           main] o.s.b.t.m.w.SpringBootMockServletContext : Initializing Spring FrameworkServlet ''
2017-12-05 02:00:52.089  INFO 8791 --- [           main] o.s.t.web.servlet.TestDispatcherServlet  : FrameworkServlet '': initialization started
2017-12-05 02:00:52.091  INFO 8791 --- [           main] o.s.t.web.servlet.TestDispatcherServlet  : FrameworkServlet '': initialization completed in 2 ms
]]></system-out>
  </testcase>
</testsuite>